     1                                 %line 1+1 hello.asm
     2                                 
     3                                 
     4                                 
     5                                 
     6                                 [section .data]
     7                                 LF equ 10
     8                                 NULL equ 0
     9                                 SYS_exit equ 60
    10                                 EXIT_SUCCESS equ 0
    11 00000000 48656C6C6F2C20576F-    text db "Hello, World!", LF, NULL
    12 00000000 726C64210A00       
    13                                 
    14                                 [section .text]
    15                                 [global _start]
    16                                 _start:
    17 00000000 48C7C001000000          mov rax, 1
    18 00000007 48C7C701000000          mov rdi, 1
    19 0000000E 48C7C6[00000000]        mov rsi, text
    20 00000015 48C7C20E000000          mov rdx, 14
    21 0000001C 0F05                    syscall
    22                                 
    23 0000001E 48C7C03C000000          mov rax, SYS_exit
    24 00000025 48C7C700000000          mov rdi, EXIT_SUCCESS
    25 0000002C 0F05                    syscall
