     1                                 %line 1+1 assignment02_subtraction.asm
     2                                 [section .data]
     3 00000000 3412                    num1 dw 0x1234
     4 00000002 DCFE                    num2 dw 0xFEDC
     5 00000004 00000000                dif dd 0
     6                                 
     7                                 [section .text]
     8                                 [global _start]
     9                                 
    10                                 _start:
    11                                 
    12 00000000 668B0425[00000000]      mov ax, [num1]
    13 00000008 668B1C25[00000000]      mov bx, [num2]
    14                                 
    15                                 
    16 00000010 6629D8                  sub ax, bx
    17                                 
    18                                 
    19 00000013 98                      cwde
    20                                 
    21                                 
    22 00000014 890425[00000000]        mov [dif], eax
    23                                 
    24                                 
    25 0000001B B83C000000              mov eax, 60
    26 00000020 31FF                    xor edi, edi
    27 00000022 0F05                    syscall
